[16-May-2021 22:29:16 Europe/Berlin] PHP Fatal error:  Uncaught RuntimeException: Could not detect any PSR-17 ResponseFactory implementations. Please install a supported implementation in order to use `AppFactory::create()`. See https://github.com/slimphp/Slim/blob/4.x/README.md for a list of supported implementations. in /home/david/Projekte/blackpanda-media/redbum/vendor/slim/slim/Slim/Factory/AppFactory.php:167
Stack trace:
#0 /home/david/Projekte/blackpanda-media/redbum/vendor/slim/slim/Slim/Factory/AppFactory.php(93): Slim\Factory\AppFactory::determineResponseFactory()
#1 /home/david/Projekte/blackpanda-media/redbum/public/index.php(13): Slim\Factory\AppFactory::create()
#2 {main}
  thrown in /home/david/Projekte/blackpanda-media/redbum/vendor/slim/slim/Slim/Factory/AppFactory.php on line 167
[16-May-2021 22:33:34 Europe/Berlin] Slim Application Error
Type: BlackBonjour\ServiceManager\Exception\ContainerException
Code: 0
Message: Service RedBum\Handler\IndexHandler could not be created!
File: /home/david/Projekte/blackpanda-media/redbum/vendor/blackbonjour/service-manager/src/ServiceManager.php
Line: 79
Trace: #0 /home/david/Projekte/blackpanda-media/redbum/vendor/blackbonjour/service-manager/src/ServiceManager.php(171): BlackBonjour\ServiceManager\ServiceManager->createService()
#1 /home/david/Projekte/blackpanda-media/redbum/vendor/blackbonjour/service-manager/src/ServiceManager.php(88): BlackBonjour\ServiceManager\ServiceManager->offsetGet()
#2 /home/david/Projekte/blackpanda-media/redbum/vendor/slim/slim/Slim/CallableResolver.php(144): BlackBonjour\ServiceManager\ServiceManager->get()
#3 /home/david/Projekte/blackpanda-media/redbum/vendor/slim/slim/Slim/CallableResolver.php(101): Slim\CallableResolver->resolveSlimNotation()
#4 /home/david/Projekte/blackpanda-media/redbum/vendor/slim/slim/Slim/CallableResolver.php(71): Slim\CallableResolver->resolveByPredicate()
#5 /home/david/Projekte/blackpanda-media/redbum/vendor/slim/slim/Slim/Routing/Route.php(366): Slim\CallableResolver->resolveRoute()
#6 /home/david/Projekte/blackpanda-media/redbum/vendor/slim/slim/Slim/MiddlewareDispatcher.php(81): Slim\Routing\Route->handle()
#7 /home/david/Projekte/blackpanda-media/redbum/vendor/slim/slim/Slim/MiddlewareDispatcher.php(81): Slim\MiddlewareDispatcher->handle()
#8 /home/david/Projekte/blackpanda-media/redbum/vendor/slim/slim/Slim/Routing/Route.php(341): Slim\MiddlewareDispatcher->handle()
#9 /home/david/Projekte/blackpanda-media/redbum/vendor/slim/slim/Slim/Routing/RouteRunner.php(84): Slim\Routing\Route->run()
#10 /home/david/Projekte/blackpanda-media/redbum/vendor/slim/slim/Slim/Middleware/ErrorMiddleware.php(107): Slim\Routing\RouteRunner->handle()
#11 /home/david/Projekte/blackpanda-media/redbum/vendor/slim/slim/Slim/MiddlewareDispatcher.php(147): Slim\Middleware\ErrorMiddleware->process()
#12 /home/david/Projekte/blackpanda-media/redbum/vendor/slim/slim/Slim/MiddlewareDispatcher.php(81): class@anonymous->handle()
#13 /home/david/Projekte/blackpanda-media/redbum/vendor/slim/slim/Slim/App.php(215): Slim\MiddlewareDispatcher->handle()
#14 /home/david/Projekte/blackpanda-media/redbum/vendor/slim/slim/Slim/App.php(199): Slim\App->handle()
#15 /home/david/Projekte/blackpanda-media/redbum/public/index.php(18): Slim\App->run()
#16 {main}
Previous Error:
Type: BlackBonjour\ServiceManager\Exception\ContainerException
Code: 0
Message: Factory for service RedBum\Handler\IndexHandler is invalid!
File: /home/david/Projekte/blackpanda-media/redbum/vendor/blackbonjour/service-manager/src/ServiceManager.php
Line: 134
Trace: #0 /home/david/Projekte/blackpanda-media/redbum/vendor/blackbonjour/service-manager/src/ServiceManager.php(77): BlackBonjour\ServiceManager\ServiceManager->getFactory()
#1 /home/david/Projekte/blackpanda-media/redbum/vendor/blackbonjour/service-manager/src/ServiceManager.php(171): BlackBonjour\ServiceManager\ServiceManager->createService()
#2 /home/david/Projekte/blackpanda-media/redbum/vendor/blackbonjour/service-manager/src/ServiceManager.php(88): BlackBonjour\ServiceManager\ServiceManager->offsetGet()
#3 /home/david/Projekte/blackpanda-media/redbum/vendor/slim/slim/Slim/CallableResolver.php(144): BlackBonjour\ServiceManager\ServiceManager->get()
#4 /home/david/Projekte/blackpanda-media/redbum/vendor/slim/slim/Slim/CallableResolver.php(101): Slim\CallableResolver->resolveSlimNotation()
#5 /home/david/Projekte/blackpanda-media/redbum/vendor/slim/slim/Slim/CallableResolver.php(71): Slim\CallableResolver->resolveByPredicate()
#6 /home/david/Projekte/blackpanda-media/redbum/vendor/slim/slim/Slim/Routing/Route.php(366): Slim\CallableResolver->resolveRoute()
#7 /home/david/Projekte/blackpanda-media/redbum/vendor/slim/slim/Slim/MiddlewareDispatcher.php(81): Slim\Routing\Route->handle()
#8 /home/david/Projekte/blackpanda-media/redbum/vendor/slim/slim/Slim/MiddlewareDispatcher.php(81): Slim\MiddlewareDispatcher->handle()
#9 /home/david/Projekte/blackpanda-media/redbum/vendor/slim/slim/Slim/Routing/Route.php(341): Slim\MiddlewareDispatcher->handle()
#10 /home/david/Projekte/blackpanda-media/redbum/vendor/slim/slim/Slim/Routing/RouteRunner.php(84): Slim\Routing\Route->run()
#11 /home/david/Projekte/blackpanda-media/redbum/vendor/slim/slim/Slim/Middleware/ErrorMiddleware.php(107): Slim\Routing\RouteRunner->handle()
#12 /home/david/Projekte/blackpanda-media/redbum/vendor/slim/slim/Slim/MiddlewareDispatcher.php(147): Slim\Middleware\ErrorMiddleware->process()
#13 /home/david/Projekte/blackpanda-media/redbum/vendor/slim/slim/Slim/MiddlewareDispatcher.php(81): class@anonymous->handle()
#14 /home/david/Projekte/blackpanda-media/redbum/vendor/slim/slim/Slim/App.php(215): Slim\MiddlewareDispatcher->handle()
#15 /home/david/Projekte/blackpanda-media/redbum/vendor/slim/slim/Slim/App.php(199): Slim\App->handle()
#16 /home/david/Projekte/blackpanda-media/redbum/public/index.php(18): Slim\App->run()
#17 {main}
